<?xml version="1.0" encoding="UTF-8"?>
<!-- Generated by org.testng.reporters.JUnitReportReporter -->
<testsuite hostname="WIN-1J0MS8955GV" name="aolaigo.testsuite.payment.PaymentTestSuiteTestng" tests="2" failures="0" timestamp="9 Jan 2015 02:41:15 GMT" time="176.789" errors="0">
  <testcase name="Payment_order_TestCase_01" time="101.086" classname="aolaigo.testsuite.payment.PaymentTestSuiteTestng"/>
  <testcase name="Payment_member_TestCase_02" time="75.703" classname="aolaigo.testsuite.payment.PaymentTestSuiteTestng"/>
</testsuite> <!-- aolaigo.testsuite.payment.PaymentTestSuiteTestng -->
