<?xml version="1.0" encoding="UTF-8"?>
<!-- Generated by org.testng.reporters.JUnitReportReporter -->
<testsuite hostname="WIN-1J0MS8955GV" name="aolaigo.testsuite.search.SearchTestSuiteTestng" tests="2" failures="0" timestamp="9 Jan 2015 07:59:01 GMT" time="89.664" errors="0">
  <testcase name="Search_input_TestCase_01" time="48.583" classname="aolaigo.testsuite.search.SearchTestSuiteTestng"/>
  <testcase name="Search_url_TestCase_02" time="41.081" classname="aolaigo.testsuite.search.SearchTestSuiteTestng"/>
</testsuite> <!-- aolaigo.testsuite.search.SearchTestSuiteTestng -->
