<?xml version="1.0" encoding="UTF-8"?>
<!-- Generated by org.testng.reporters.JUnitReportReporter -->
<testsuite hostname="WIN-1J0MS8955GV" name="aolaigo.testsuite.product.ProductTestSuiteTestng" tests="1" failures="0" timestamp="9 Jan 2015 02:41:15 GMT" time="18.111" errors="0">
  <testcase name="Product_TestCase_01" time="18.111" classname="aolaigo.testsuite.product.ProductTestSuiteTestng"/>
</testsuite> <!-- aolaigo.testsuite.product.ProductTestSuiteTestng -->
