<?xml version="1.0" encoding="UTF-8"?>
<!-- Generated by org.testng.reporters.JUnitReportReporter -->
<testsuite hostname="WIN-1J0MS8955GV" name="aolaigo.testsuite.cart.CartTestSuiteTestng" tests="1" failures="0" timestamp="9 Jan 2015 02:41:15 GMT" time="25.109" errors="0">
  <testcase name="Addcart_TestCase_01" time="25.109" classname="aolaigo.testsuite.cart.CartTestSuiteTestng"/>
</testsuite> <!-- aolaigo.testsuite.cart.CartTestSuiteTestng -->
