<?xml version="1.0" encoding="UTF-8"?>
<!-- Generated by org.testng.reporters.JUnitReportReporter -->
<testsuite hostname="PC-20150729A23" name="logo.testsuite.login.LoginTestSuiteTestng" tests="1" failures="0" timestamp="18 Aug 2016 02:39:05 GMT" time="9.890" errors="0">
  <testcase name="Login_phone_TestCase_01" time="9.890" classname="logo.testsuite.login.LoginTestSuiteTestng"/>
</testsuite> <!-- logo.testsuite.login.LoginTestSuiteTestng -->
